<?xml version="1.0" encoding="UTF-8"?>
<!-- Generated by org.testng.reporters.JUnitReportReporter -->
<testsuite skipped="0" hostname="LAPTOP-L4O1C8HM" name="testClasses.TestAnnotationAttributes" tests="5" failures="0" timestamp="2022-07-22T09:47:21 IST" time="0.003" errors="0">
  <testcase name="testCase3" time="0.003" classname="testClasses.TestAnnotationAttributes"/>
  <system-out/>
  <testcase name="testCase4" time="0.000" classname="testClasses.TestAnnotationAttributes"/>
  <system-out/>
  <testcase name="testCase5" time="0.000" classname="testClasses.TestAnnotationAttributes"/>
  <system-out/>
  <testcase name="testCase2" time="0.000" classname="testClasses.TestAnnotationAttributes"/>
  <system-out/>
  <testcase name="testCase1" time="0.000" classname="testClasses.TestAnnotationAttributes"/>
  <system-out/>
</testsuite> <!-- testClasses.TestAnnotationAttributes -->
