<?xml version="1.0" encoding="UTF-8"?>
<!-- Generated by org.testng.reporters.JUnitReportReporter -->
<testsuite skipped="0" hostname="LAPTOP-L4O1C8HM" name="testClasses.DataProviderExcelTest" tests="1" failures="0" timestamp="2022-07-19T23:53:15 IST" time="0.004" errors="0">
  <testcase name="getCredentials" time="0.004" classname="testClasses.DataProviderExcelTest"/>
  <system-out/>
</testsuite> <!-- testClasses.DataProviderExcelTest -->
