<?xml version="1.0" encoding="UTF-8"?>
<!-- Generated by org.testng.reporters.JUnitReportReporter -->
<testsuite skipped="0" hostname="LAPTOP-L4O1C8HM" name="testClasses.DataProviderTest" tests="3" failures="0" timestamp="2022-07-18T00:27:04 IST" time="0.005" errors="0">
  <testcase name="getCredentials" time="0.000" classname="testClasses.DataProviderTest"/>
  <system-out/>
  <testcase name="getCredentials" time="0.005" classname="testClasses.DataProviderTest"/>
  <system-out/>
  <testcase name="getCredentials" time="0.000" classname="testClasses.DataProviderTest"/>
  <system-out/>
</testsuite> <!-- testClasses.DataProviderTest -->
